<?xml version="1.0" encoding="UTF-8"?>
<!-- Generated by org.testng.reporters.JUnitXMLReporter -->
<testsuite hostname="00620JNBCOB010L" ignored="0" name="Default test" tests="12" failures="0" timestamp="08 Oct 2019 01:37:36 GMT" time="30.154" errors="0">
  <testcase name="testApply" time="3.792" classname="testCases.Apply"/>
  <testcase name="testApply" time="7.916" classname="testCases.Apply"/>
  <testcase name="testApply" time="3.734" classname="testCases.Apply"/>
  <testcase name="testApply" time="3.358" classname="testCases.Apply"/>
  <testcase name="testApply" time="3.194" classname="testCases.Apply"/>
  <testcase name="testApply" time="0.678" classname="testCases.Apply"/>
  <testcase name="testApply" time="0.54" classname="testCases.Apply"/>
  <testcase name="testApply" time="0.621" classname="testCases.Apply"/>
  <testcase name="testApply" time="0.83" classname="testCases.Apply"/>
  <testcase name="testApply" time="4.689" classname="testCases.Apply"/>
  <testcase name="testApply" time="0.171" classname="testCases.Apply"/>
  <testcase name="testApply" time="0.01" classname="testCases.Apply"/>
</testsuite> <!-- Default test -->
