<?xml version="1.0" encoding="UTF-8"?>
<!-- Generated by org.testng.reporters.JUnitXMLReporter -->
<testsuite hostname="00620JNBCOB010L" ignored="0" name="Default test" tests="12" failures="0" timestamp="07 Oct 2019 19:12:27 GMT" time="32.102" errors="0">
  <testcase name="testLogin" time="3.043" classname="testCases.Apply"/>
  <testcase name="testLogin" time="9.624" classname="testCases.Apply"/>
  <testcase name="testLogin" time="4.041" classname="testCases.Apply"/>
  <testcase name="testLogin" time="3.714" classname="testCases.Apply"/>
  <testcase name="testLogin" time="3.624" classname="testCases.Apply"/>
  <testcase name="testLogin" time="0.751" classname="testCases.Apply"/>
  <testcase name="testLogin" time="0.551" classname="testCases.Apply"/>
  <testcase name="testLogin" time="0.861" classname="testCases.Apply"/>
  <testcase name="testLogin" time="0.801" classname="testCases.Apply"/>
  <testcase name="testLogin" time="4.261" classname="testCases.Apply"/>
  <testcase name="testLogin" time="0.271" classname="testCases.Apply"/>
  <testcase name="testLogin" time="0.0" classname="testCases.Apply"/>
</testsuite> <!-- Default test -->
